Build started 3/8/2014 10:21:50 AM.
     1>Project "C:\Users\Hasan\Documents\Visual Studio 2013\Projects\FTS Arcade\FTS Arcade\FTS Arcade.vcxproj" on node 2 (Rebuild target(s)).
     1>ClCompile:
         C:\Program Files (x86)\Microsoft Visual Studio 12.0\VC\bin\CL.exe /c /ZI /nologo /W1 /WX- /sdl /Od /Oy- /D WIN32 /D _DEBUG /D _WINDOWS /D _UNICODE /D UNICODE /Gm /EHsc /RTC1 /MDd /GS /fp:precise /Zc:wchar_t /Zc:forScope /Fo"Debug\\" /Fd"Debug\vc120.pdb" /Gd /TP /analyze- /errorReport:prompt "API map.cpp" communication.cpp "game running.cpp" "main menu.cpp" main.cpp "process manager.cpp"
         process manager.cpp
         main.cpp
         main menu.cpp
         game running.cpp
         communication.cpp
         API map.cpp
         Generating Code...
       Link:
         C:\Program Files (x86)\Microsoft Visual Studio 12.0\VC\bin\link.exe /ERRORREPORT:PROMPT /OUT:"C:\Users\Hasan\Documents\Visual Studio 2013\Projects\FTS Arcade\Debug\FTS Arcade.exe" /INCREMENTAL /NOLOGO "HasX11 Engine.lib" kernel32.lib user32.lib gdi32.lib winspool.lib comdlg32.lib advapi32.lib shell32.lib ole32.lib oleaut32.lib uuid.lib odbc32.lib odbccp32.lib kernel32.lib user32.lib gdi32.lib winspool.lib comdlg32.lib advapi32.lib shell32.lib ole32.lib oleaut32.lib uuid.lib odbc32.lib odbccp32.lib /NODEFAULTLIB:libcmtd.lib /MANIFEST /MANIFESTUAC:"level='asInvoker' uiAccess='false'" /manifest:embed /DEBUG /PDB:"C:\Users\Hasan\Documents\Visual Studio 2013\Projects\FTS Arcade\Debug\FTS Arcade.pdb" /SUBSYSTEM:WINDOWS /TLBID:1 /DYNAMICBASE /NXCOMPAT /IMPLIB:"C:\Users\Hasan\Documents\Visual Studio 2013\Projects\FTS Arcade\Debug\FTS Arcade.lib" /MACHINE:X86 "Debug\API map.obj"
         Debug\communication.obj
         "Debug\game running.obj"
         "Debug\main menu.obj"
         Debug\main.obj
         "Debug\process manager.obj"
         FTS Arcade.vcxproj -> C:\Users\Hasan\Documents\Visual Studio 2013\Projects\FTS Arcade\Debug\FTS Arcade.exe
     1>Done Building Project "C:\Users\Hasan\Documents\Visual Studio 2013\Projects\FTS Arcade\FTS Arcade\FTS Arcade.vcxproj" (Rebuild target(s)).

Build succeeded.

Time Elapsed 00:00:14.40
